[debug] [2018-11-13T18:34:04.689Z] ----------------------------------------------------------------------
[debug] [2018-11-13T18:34:04.691Z] Command:       /usr/local/bin/node /usr/local/bin/firebase functions:shell --token 1/RrMpgQ-JbXnHO9ja5COXe8pUe1k2HPVkd32CVZh4e2k --project owm-a6-fb
[debug] [2018-11-13T18:34:04.691Z] CLI Version:   6.0.1
[debug] [2018-11-13T18:34:04.691Z] Platform:      linux
[debug] [2018-11-13T18:34:04.691Z] Node Version:  v8.12.0
[debug] [2018-11-13T18:34:04.691Z] Time:          Tue Nov 13 2018 18:34:04 GMT+0000 (UTC)
[debug] [2018-11-13T18:34:04.691Z] ----------------------------------------------------------------------
[debug] 
[debug] [2018-11-13T18:34:04.697Z] > command requires scopes: ["email","openid","https://www.googleapis.com/auth/cloudplatformprojects.readonly","https://www.googleapis.com/auth/firebase","https://www.googleapis.com/auth/cloud-platform"]
[debug] [2018-11-13T18:34:04.698Z] > authorizing via --token option
[debug] [2018-11-13T18:34:04.698Z] [iam] checking project owm-a6-fb for permissions ["firebase.projects.get"]
[debug] [2018-11-13T18:34:04.699Z] > refreshing access token with scopes: ["email","openid","https://www.googleapis.com/auth/cloudplatformprojects.readonly","https://www.googleapis.com/auth/firebase","https://www.googleapis.com/auth/cloud-platform"]
[debug] [2018-11-13T18:34:04.699Z] >>> HTTP REQUEST POST https://www.googleapis.com/oauth2/v3/token  
 <request body omitted>
[debug] [2018-11-13T18:34:04.871Z] <<< HTTP RESPONSE 200
[debug] [2018-11-13T18:34:04.872Z] >>> HTTP REQUEST POST https://cloudresourcemanager.googleapis.com/v1/projects/owm-a6-fb:testIamPermissions  

[debug] [2018-11-13T18:34:05.082Z] <<< HTTP RESPONSE 200
[info] i  functions: Preparing to emulate functions.
[debug] [2018-11-13T18:34:05.419Z] Fetching environment
[debug] [2018-11-13T18:34:05.421Z] >>> HTTP REQUEST GET https://cloudresourcemanager.googleapis.com/v1/projects/owm-a6-fb  
 
[debug] [2018-11-13T18:34:06.184Z] <<< HTTP RESPONSE 200
[debug] [2018-11-13T18:34:06.185Z] >>> HTTP REQUEST GET https://mobilesdk-pa.googleapis.com/v1/projects/976333526482:getServerAppConfig  
 
[debug] [2018-11-13T18:34:06.364Z] <<< HTTP RESPONSE 200
[debug] [2018-11-13T18:34:06.365Z] Starting @google-cloud/functions-emulator
[debug] [2018-11-13T18:34:07.400Z] Parsing function triggers
[info] ✔  functions: helloWorld
[debug] [2018-11-13T18:34:41.215Z] ----------------------------------------------------------------------
[debug] [2018-11-13T18:34:41.217Z] Command:       /usr/local/bin/node /usr/local/bin/firebase functions:shell --token 1/RrMpgQ-JbXnHO9ja5COXe8pUe1k2HPVkd32CVZh4e2k --project owm-a6-fb
[debug] [2018-11-13T18:34:41.217Z] CLI Version:   6.0.1
[debug] [2018-11-13T18:34:41.217Z] Platform:      linux
[debug] [2018-11-13T18:34:41.217Z] Node Version:  v8.12.0
[debug] [2018-11-13T18:34:41.218Z] Time:          Tue Nov 13 2018 18:34:41 GMT+0000 (UTC)
[debug] [2018-11-13T18:34:41.218Z] ----------------------------------------------------------------------
[debug] 
[debug] [2018-11-13T18:34:41.224Z] > command requires scopes: ["email","openid","https://www.googleapis.com/auth/cloudplatformprojects.readonly","https://www.googleapis.com/auth/firebase","https://www.googleapis.com/auth/cloud-platform"]
[debug] [2018-11-13T18:34:41.224Z] > authorizing via --token option
[debug] [2018-11-13T18:34:41.224Z] [iam] checking project owm-a6-fb for permissions ["firebase.projects.get"]
[debug] [2018-11-13T18:34:41.225Z] > refreshing access token with scopes: ["email","openid","https://www.googleapis.com/auth/cloudplatformprojects.readonly","https://www.googleapis.com/auth/firebase","https://www.googleapis.com/auth/cloud-platform"]
[debug] [2018-11-13T18:34:41.226Z] >>> HTTP REQUEST POST https://www.googleapis.com/oauth2/v3/token  
 <request body omitted>
[debug] [2018-11-13T18:34:41.398Z] <<< HTTP RESPONSE 200
[debug] [2018-11-13T18:34:41.399Z] >>> HTTP REQUEST POST https://cloudresourcemanager.googleapis.com/v1/projects/owm-a6-fb:testIamPermissions  

[debug] [2018-11-13T18:34:42.178Z] <<< HTTP RESPONSE 200
[info] i  functions: Preparing to emulate functions.
[debug] [2018-11-13T18:34:42.502Z] Fetching environment
[debug] [2018-11-13T18:34:42.504Z] >>> HTTP REQUEST GET https://cloudresourcemanager.googleapis.com/v1/projects/owm-a6-fb  
 
[debug] [2018-11-13T18:34:42.705Z] <<< HTTP RESPONSE 200
[debug] [2018-11-13T18:34:42.707Z] >>> HTTP REQUEST GET https://mobilesdk-pa.googleapis.com/v1/projects/976333526482:getServerAppConfig  
 
[debug] [2018-11-13T18:34:42.880Z] <<< HTTP RESPONSE 200
[debug] [2018-11-13T18:34:42.880Z] Starting @google-cloud/functions-emulator
[debug] [2018-11-13T18:34:43.912Z] Parsing function triggers
[debug] [2018-11-13T18:34:44.011Z] Deploying functions locally
[info] ✔  functions: helloWorld
[info] ✔  functions: onOwmUpdate
[debug] [2018-11-13T18:41:13.642Z] ----------------------------------------------------------------------
[debug] [2018-11-13T18:41:13.644Z] Command:       /usr/local/bin/node /usr/local/bin/firebase functions:shell --token 1/RrMpgQ-JbXnHO9ja5COXe8pUe1k2HPVkd32CVZh4e2k --project owm-a6-fb
[debug] [2018-11-13T18:41:13.644Z] CLI Version:   6.0.1
[debug] [2018-11-13T18:41:13.644Z] Platform:      linux
[debug] [2018-11-13T18:41:13.644Z] Node Version:  v8.12.0
[debug] [2018-11-13T18:41:13.644Z] Time:          Tue Nov 13 2018 18:41:13 GMT+0000 (UTC)
[debug] [2018-11-13T18:41:13.644Z] ----------------------------------------------------------------------
[debug] 
[debug] [2018-11-13T18:41:13.651Z] > command requires scopes: ["email","openid","https://www.googleapis.com/auth/cloudplatformprojects.readonly","https://www.googleapis.com/auth/firebase","https://www.googleapis.com/auth/cloud-platform"]
[debug] [2018-11-13T18:41:13.651Z] > authorizing via --token option
[debug] [2018-11-13T18:41:13.651Z] [iam] checking project owm-a6-fb for permissions ["firebase.projects.get"]
[debug] [2018-11-13T18:41:13.652Z] > refreshing access token with scopes: ["email","openid","https://www.googleapis.com/auth/cloudplatformprojects.readonly","https://www.googleapis.com/auth/firebase","https://www.googleapis.com/auth/cloud-platform"]
[debug] [2018-11-13T18:41:13.653Z] >>> HTTP REQUEST POST https://www.googleapis.com/oauth2/v3/token  
 <request body omitted>
[debug] [2018-11-13T18:41:13.793Z] <<< HTTP RESPONSE 200
[debug] [2018-11-13T18:41:13.796Z] >>> HTTP REQUEST POST https://cloudresourcemanager.googleapis.com/v1/projects/owm-a6-fb:testIamPermissions  

[debug] [2018-11-13T18:41:14.478Z] <<< HTTP RESPONSE 200
[info] i  functions: Preparing to emulate functions.
[debug] [2018-11-13T18:41:14.793Z] Fetching environment
[debug] [2018-11-13T18:41:14.794Z] >>> HTTP REQUEST GET https://cloudresourcemanager.googleapis.com/v1/projects/owm-a6-fb  
 
[debug] [2018-11-13T18:41:15.469Z] <<< HTTP RESPONSE 200
[debug] [2018-11-13T18:41:15.470Z] >>> HTTP REQUEST GET https://mobilesdk-pa.googleapis.com/v1/projects/976333526482:getServerAppConfig  
 
[debug] [2018-11-13T18:41:15.625Z] <<< HTTP RESPONSE 200
[debug] [2018-11-13T18:41:15.626Z] Starting @google-cloud/functions-emulator
[debug] [2018-11-13T18:41:15.655Z] Parsing function triggers
[debug] [2018-11-13T18:41:15.773Z] Deploying functions locally
[debug] [2018-11-13T18:41:26.516Z] ----------------------------------------------------------------------
[debug] [2018-11-13T18:41:26.518Z] Command:       /usr/local/bin/node /usr/local/bin/firebase functions:shell --token 1/RrMpgQ-JbXnHO9ja5COXe8pUe1k2HPVkd32CVZh4e2k --project owm-a6-fb
[debug] [2018-11-13T18:41:26.519Z] CLI Version:   6.0.1
[debug] [2018-11-13T18:41:26.519Z] Platform:      linux
[debug] [2018-11-13T18:41:26.519Z] Node Version:  v8.12.0
[debug] [2018-11-13T18:41:26.519Z] Time:          Tue Nov 13 2018 18:41:26 GMT+0000 (UTC)
[debug] [2018-11-13T18:41:26.519Z] ----------------------------------------------------------------------
[debug] 
[debug] [2018-11-13T18:41:26.525Z] > command requires scopes: ["email","openid","https://www.googleapis.com/auth/cloudplatformprojects.readonly","https://www.googleapis.com/auth/firebase","https://www.googleapis.com/auth/cloud-platform"]
[debug] [2018-11-13T18:41:26.526Z] > authorizing via --token option
[debug] [2018-11-13T18:41:26.526Z] [iam] checking project owm-a6-fb for permissions ["firebase.projects.get"]
[debug] [2018-11-13T18:41:26.527Z] > refreshing access token with scopes: ["email","openid","https://www.googleapis.com/auth/cloudplatformprojects.readonly","https://www.googleapis.com/auth/firebase","https://www.googleapis.com/auth/cloud-platform"]
[debug] [2018-11-13T18:41:26.527Z] >>> HTTP REQUEST POST https://www.googleapis.com/oauth2/v3/token  
 <request body omitted>
[debug] [2018-11-13T18:41:26.668Z] <<< HTTP RESPONSE 200
[debug] [2018-11-13T18:41:26.670Z] >>> HTTP REQUEST POST https://cloudresourcemanager.googleapis.com/v1/projects/owm-a6-fb:testIamPermissions  

[debug] [2018-11-13T18:41:27.345Z] <<< HTTP RESPONSE 200
[info] i  functions: Preparing to emulate functions.
[debug] [2018-11-13T18:41:27.668Z] Fetching environment
[debug] [2018-11-13T18:41:27.669Z] >>> HTTP REQUEST GET https://cloudresourcemanager.googleapis.com/v1/projects/owm-a6-fb  
 
[debug] [2018-11-13T18:41:28.344Z] <<< HTTP RESPONSE 200
[debug] [2018-11-13T18:41:28.346Z] >>> HTTP REQUEST GET https://mobilesdk-pa.googleapis.com/v1/projects/976333526482:getServerAppConfig  
 
[debug] [2018-11-13T18:41:28.491Z] <<< HTTP RESPONSE 200
[debug] [2018-11-13T18:41:28.491Z] Starting @google-cloud/functions-emulator
[debug] [2018-11-13T18:41:28.520Z] Parsing function triggers
[debug] [2018-11-13T18:41:28.623Z] Deploying functions locally
